\BOOKMARK [1][-]{Doc-Start}{Contents}{}% 1
\BOOKMARK [1][-]{section.1}{Background}{}% 2
\BOOKMARK [1][-]{section.2}{Algorithm}{}% 3
\BOOKMARK [2][-]{subsection.2.1}{k-Means Clustering}{section.2}% 4
\BOOKMARK [2][-]{subsection.2.2}{Intracluster ACOs}{section.2}% 5
\BOOKMARK [3][-]{subsubsection.2.2.1}{Parallelizing these ACOs}{subsection.2.2}% 6
\BOOKMARK [2][-]{subsection.2.3}{Intercluster ACO}{section.2}% 7
\BOOKMARK [2][-]{subsection.2.4}{Combine the local solutions into a global solutions}{section.2}% 8
\BOOKMARK [2][-]{subsection.2.5}{\(*\) 3-Opt Algorithm}{section.2}% 9
\BOOKMARK [2][-]{subsection.2.6}{\(*\) Number of clusters}{section.2}% 10
\BOOKMARK [1][-]{section.3}{Experiments}{}% 11
\BOOKMARK [2][-]{subsection.3.1}{RQ1: Effect of number of clusters}{section.3}% 12
\BOOKMARK [2][-]{subsection.3.2}{RQ2: Performance of this algorithm}{section.3}% 13
\BOOKMARK [1][-]{section.4}{Future Works}{}% 14
\BOOKMARK [2][-]{subsection.4.1}{Time Complexity}{section.4}% 15
\BOOKMARK [3][-]{subsubsection.4.1.1}{Algorithm as a whole}{subsection.4.1}% 16
\BOOKMARK [3][-]{subsubsection.4.1.2}{High Time Complexity of 3-Opt}{subsection.4.1}% 17
\BOOKMARK [3][-]{subsubsection.4.1.3}{Incomplete Parallelization}{subsection.4.1}% 18
\BOOKMARK [3][-]{subsubsection.4.1.4}{Better Computing Environment}{subsection.4.1}% 19
\BOOKMARK [2][-]{subsection.4.2}{Hyperparameter Tuning}{section.4}% 20
\BOOKMARK [2][-]{subsection.4.3}{Better Experiment Settings}{section.4}% 21
\BOOKMARK [2][-]{subsection.4.4}{Better report/documentation}{section.4}% 22
\BOOKMARK [1][-]{section.5}{Usage}{}% 23
\BOOKMARK [2][-]{subsection.5.1}{filename \(Required\)}{section.5}% 24
\BOOKMARK [2][-]{subsection.5.2}{sol\137filename \(Optional\)}{section.5}% 25
\BOOKMARK [2][-]{subsection.5.3}{p [P] \(Optional\)}{section.5}% 26
\BOOKMARK [2][-]{subsection.5.4}{-topt [TOPT] \(Optional\)}{section.5}% 27
\BOOKMARK [2][-]{subsection.5.5}{-cratio [CRATIO] \(Optional\)}{section.5}% 28
\BOOKMARK [2][-]{subsection.5.6}{-plot \(Optional\)}{section.5}% 29
\BOOKMARK [2][-]{subsection.5.7}{-v \(Optional\)}{section.5}% 30
\BOOKMARK [2][-]{subsection.5.8}{-par \(Optional\)}{section.5}% 31
\BOOKMARK [2][-]{subsection.5.9}{-cpus [CPUS] \(Optional\)}{section.5}% 32
\BOOKMARK [1][-]{section.6}{References}{}% 33
